<?xml version="1.0" encoding="UTF-8"?>
<!-- Generated by org.testng.reporters.JUnitXMLReporter -->
<testsuite hostname="LAPTOP-RLAR81NJ" ignored="0" name="Test1" tests="1" failures="1" timestamp="19 Apr 2019 04:21:45 GMT" time="8.629" errors="0">
  <testcase name="Richie_Bros_Site" time="3.02" classname="com.seleniumae.exercise.TC_003_Verify_RitchieBros_Page">
    <failure type="java.lang.AssertionError" message="expected [Expected all test steps to pass.] but found [A test step has failed: java.lang.NullPointerException]">
      <![CDATA[java.lang.AssertionError: expected [Expected all test steps to pass.] but found [A test step has failed: java.lang.NullPointerException]
at com.seleniumae.exercise.TC_003_Verify_RitchieBros_Page.Richie_Bros_Site(TC_003_Verify_RitchieBros_Page.java:63)
... Removed 31 stack frames]]>
    </failure>
  </testcase> <!-- Richie_Bros_Site -->
</testsuite> <!-- Test1 -->
