<?xml version="1.0" encoding="UTF-8"?>
<!-- Generated by org.testng.reporters.JUnitXMLReporter -->
<testsuite hostname="LAPTOP-RLAR81NJ" ignored="0" name="Test" tests="2" failures="1" timestamp="19 Apr 2019 04:21:36 GMT" time="13.491" errors="0">
  <testcase name="Verify_Google_Page_Loads_Successffully" time="0.085" classname="com.seleniumae.exercise.TC_001_Loading_Google_Page"/>
  <testcase name="Google_Search_Links" time="3.111" classname="com.seleniumae.exercise.TC_002_Verify_Search_On_Google">
    <failure type="java.lang.AssertionError" message="expected [Expected all test steps to pass.] but found [A test step has failed: org.openqa.selenium.WebDriverException: unknown error: argument is not defined
  (Session info: chrome=73.0.3683.103)
  (Driver info: chromedriver=2.24.417431 (9aea000394714d2fbb20850021f6204f2256b9cf),platform=Windows NT 10.0.17134 x86_64) (WARNING: The server did not provide any stacktrace information)
Command duration or timeout: 0 milliseconds
Build info: version: &amp;apos;3.141.59&amp;apos;, revision: &amp;apos;e82be7d358&amp;apos;, time: &amp;apos;2018-11-14T08:25:48&amp;apos;
System info: host: &amp;apos;LAPTOP-RLAR81NJ&amp;apos;, ip: &amp;apos;10.107.73.130&amp;apos;, os.name: &amp;apos;Windows 10&amp;apos;, os.arch: &amp;apos;amd64&amp;apos;, os.version: &amp;apos;10.0&amp;apos;, java.version: &amp;apos;1.8.0_171&amp;apos;
Driver info: org.openqa.selenium.chrome.ChromeDriver
Capabilities {acceptSslCerts: true, applicationCacheEnabled: false, browserConnectionEnabled: false, browserName: chrome, chrome: {chromedriverVersion: 2.24.417431 (9aea000394714d..., userDataDir: C:\Users\vlad\AppData\Local...}, cssSelectorsEnabled: true, databaseEnabled: false, handlesAlerts: true, hasTouchScreen: false, javascriptEnabled: true, locationContextEnabled: true, mobileEmulationEnabled: false, nativeEvents: true, networkConnectionEnabled: false, pageLoadStrategy: normal, platform: XP, platformName: XP, rotatable: false, takesHeapSnapshot: true, takesScreenshot: true, version: 73.0.3683.103, webStorageEnabled: true}
Session ID: f7d6c0931b53276442b5a5e3abdcc55d]">
      <![CDATA[java.lang.AssertionError: expected [Expected all test steps to pass.] but found [A test step has failed: org.openqa.selenium.WebDriverException: unknown error: argument is not defined
  (Session info: chrome=73.0.3683.103)
  (Driver info: chromedriver=2.24.417431 (9aea000394714d2fbb20850021f6204f2256b9cf),platform=Windows NT 10.0.17134 x86_64) (WARNING: The server did not provide any stacktrace information)
Command duration or timeout: 0 milliseconds
Build info: version: '3.141.59', revision: 'e82be7d358', time: '2018-11-14T08:25:48'
System info: host: 'LAPTOP-RLAR81NJ', ip: '10.107.73.130', os.name: 'Windows 10', os.arch: 'amd64', os.version: '10.0', java.version: '1.8.0_171'
Driver info: org.openqa.selenium.chrome.ChromeDriver
Capabilities {acceptSslCerts: true, applicationCacheEnabled: false, browserConnectionEnabled: false, browserName: chrome, chrome: {chromedriverVersion: 2.24.417431 (9aea000394714d..., userDataDir: C:\Users\vlad\AppData\Local...}, cssSelectorsEnabled: true, databaseEnabled: false, handlesAlerts: true, hasTouchScreen: false, javascriptEnabled: true, locationContextEnabled: true, mobileEmulationEnabled: false, nativeEvents: true, networkConnectionEnabled: false, pageLoadStrategy: normal, platform: XP, platformName: XP, rotatable: false, takesHeapSnapshot: true, takesScreenshot: true, version: 73.0.3683.103, webStorageEnabled: true}
Session ID: f7d6c0931b53276442b5a5e3abdcc55d]
at com.seleniumae.exercise.TC_002_Verify_Search_On_Google.Google_Search_Links(TC_002_Verify_Search_On_Google.java:54)
... Removed 31 stack frames]]>
    </failure>
  </testcase> <!-- Google_Search_Links -->
</testsuite> <!-- Test -->
