<?xml version="1.0" encoding="UTF-8"?>
<!-- Generated by org.testng.reporters.JUnitXMLReporter -->
<testsuite hostname="LAPTOP-RLAR81NJ" ignored="0" name="Test3" tests="2" failures="1" timestamp="18 Apr 2019 19:32:04 GMT" time="2.017" errors="0">
  <testcase name="@BeforeClass setUp" time="0.001" classname="com.seleniumae.exercise.TC_001_Loading_Google_Page">
    <failure type="java.lang.NullPointerException">
      <![CDATA[java.lang.NullPointerException
at com.seleniumae.settings.BaseTest.<init>(BaseTest.java:71)
at com.seleniumae.exercise.TC_001_Loading_Google_Page.setUp(TC_001_Loading_Google_Page.java:27)
... Removed 26 stack frames]]>
    </failure>
  </testcase> <!-- @BeforeClass setUp -->
  <testcase name="@AfterClass closeBrowser" time="0.0" classname="com.seleniumae.exercise.TC_001_Loading_Google_Page">
    <failure type="java.lang.NullPointerException">
      <![CDATA[java.lang.NullPointerException
at com.seleniumae.exercise.TC_001_Loading_Google_Page.closeBrowser(TC_001_Loading_Google_Page.java:57)
... Removed 26 stack frames]]>
    </failure>
  </testcase> <!-- @AfterClass closeBrowser -->
  <testcase name="Verify_Google_Page_Loads_Successffully" time="0.0" classname="com.seleniumae.exercise.TC_001_Loading_Google_Page">
    <skipped/>
  </testcase> <!-- Verify_Google_Page_Loads_Successffully -->
  <testcase name="Google_Search_Links" time="2.004" classname="com.seleniumae.exercise.TC_002_Verify_Search_On_Google">
    <failure type="java.lang.AssertionError" message="expected [Expected all test steps to pass.] but found [A test step has failed: java.lang.NullPointerException]">
      <![CDATA[java.lang.AssertionError: expected [Expected all test steps to pass.] but found [A test step has failed: java.lang.NullPointerException]
at com.seleniumae.exercise.TC_002_Verify_Search_On_Google.Google_Search_Links(TC_002_Verify_Search_On_Google.java:41)
... Removed 31 stack frames]]>
    </failure>
  </testcase> <!-- Google_Search_Links -->
</testsuite> <!-- Test3 -->
